<?xml version="1.0" encoding="UTF-8"?>
<coverage generated="1755801069">
  <project timestamp="1755801069" name="Clover Coverage">
    <package name="App\Application\DTO">
      <file name="/var/www/html/src/Application/DTO/BugResponse.php">
        <class name="App\Application\DTO\BugResponse" namespace="App\Application\DTO">
          <metrics complexity="1" methods="1" coveredmethods="0" conditionals="0" coveredconditionals="0" statements="1" coveredstatements="0" elements="2" coveredelements="0"/>
        </class>
        <line num="7" type="method" name="__construct" visibility="public" complexity="1" crap="2" count="0"/>
        <line num="9" type="stmt" count="0"/>
        <metrics loc="11" ncloc="11" classes="1" methods="1" coveredmethods="0" conditionals="0" coveredconditionals="0" statements="1" coveredstatements="0" elements="2" coveredelements="0"/>
      </file>
    </package>
    <file name="/var/www/html/src/Application/Service/FileStoragePort.php">
      <metrics loc="10" ncloc="10" classes="0" methods="0" coveredmethods="0" conditionals="0" coveredconditionals="0" statements="0" coveredstatements="0" elements="0" coveredelements="0"/>
    </file>
    <package name="App\Application\UseCase">
      <file name="/var/www/html/src/Application/UseCase/CreateBugUseCase.php">
        <class name="App\Application\UseCase\CreateBugUseCase" namespace="App\Application\UseCase">
          <metrics complexity="2" methods="2" coveredmethods="0" conditionals="0" coveredconditionals="0" statements="3" coveredstatements="0" elements="5" coveredelements="0"/>
        </class>
        <line num="10" type="method" name="__construct" visibility="public" complexity="1" crap="2" count="0"/>
        <line num="12" type="stmt" count="0"/>
        <line num="14" type="method" name="execute" visibility="public" complexity="1" crap="2" count="0"/>
        <line num="16" type="stmt" count="0"/>
        <line num="18" type="stmt" count="0"/>
        <metrics loc="21" ncloc="21" classes="1" methods="2" coveredmethods="0" conditionals="0" coveredconditionals="0" statements="3" coveredstatements="0" elements="5" coveredelements="0"/>
      </file>
    </package>
    <package name="App\Command">
      <file name="/var/www/html/src/Command/DockerEnvDiagramCommand.php">
        <class name="App\Command\DockerEnvDiagramCommand" namespace="App\Command">
          <metrics complexity="101" methods="18" coveredmethods="0" conditionals="0" coveredconditionals="0" statements="296" coveredstatements="0" elements="314" coveredelements="0"/>
        </class>
        <line num="16" type="stmt" count="0"/>
        <line num="17" type="stmt" count="0"/>
        <line num="18" type="stmt" count="0"/>
        <line num="58" type="method" name="__construct" visibility="public" complexity="1" crap="2" count="0"/>
        <line num="60" type="stmt" count="0"/>
        <line num="61" type="stmt" count="0"/>
        <line num="64" type="method" name="configure" visibility="protected" complexity="1" crap="2" count="0"/>
        <line num="66" type="stmt" count="0"/>
        <line num="67" type="stmt" count="0"/>
        <line num="68" type="stmt" count="0"/>
        <line num="69" type="stmt" count="0"/>
        <line num="70" type="stmt" count="0"/>
        <line num="71" type="stmt" count="0"/>
        <line num="72" type="stmt" count="0"/>
        <line num="73" type="stmt" count="0"/>
        <line num="74" type="stmt" count="0"/>
        <line num="75" type="stmt" count="0"/>
        <line num="78" type="method" name="execute" visibility="protected" complexity="7" crap="56" count="0"/>
        <line num="80" type="stmt" count="0"/>
        <line num="81" type="stmt" count="0"/>
        <line num="82" type="stmt" count="0"/>
        <line num="83" type="stmt" count="0"/>
        <line num="85" type="stmt" count="0"/>
        <line num="86" type="stmt" count="0"/>
        <line num="87" type="stmt" count="0"/>
        <line num="88" type="stmt" count="0"/>
        <line num="89" type="stmt" count="0"/>
        <line num="90" type="stmt" count="0"/>
        <line num="92" type="stmt" count="0"/>
        <line num="93" type="stmt" count="0"/>
        <line num="94" type="stmt" count="0"/>
        <line num="95" type="stmt" count="0"/>
        <line num="99" type="stmt" count="0"/>
        <line num="101" type="stmt" count="0"/>
        <line num="102" type="stmt" count="0"/>
        <line num="103" type="stmt" count="0"/>
        <line num="108" type="stmt" count="0"/>
        <line num="109" type="stmt" count="0"/>
        <line num="110" type="stmt" count="0"/>
        <line num="111" type="stmt" count="0"/>
        <line num="112" type="stmt" count="0"/>
        <line num="113" type="stmt" count="0"/>
        <line num="114" type="stmt" count="0"/>
        <line num="116" type="stmt" count="0"/>
        <line num="117" type="stmt" count="0"/>
        <line num="120" type="stmt" count="0"/>
        <line num="121" type="stmt" count="0"/>
        <line num="122" type="stmt" count="0"/>
        <line num="123" type="stmt" count="0"/>
        <line num="124" type="stmt" count="0"/>
        <line num="125" type="stmt" count="0"/>
        <line num="127" type="stmt" count="0"/>
        <line num="129" type="stmt" count="0"/>
        <line num="130" type="stmt" count="0"/>
        <line num="132" type="stmt" count="0"/>
        <line num="133" type="stmt" count="0"/>
        <line num="134" type="stmt" count="0"/>
        <line num="135" type="stmt" count="0"/>
        <line num="139" type="method" name="parseDockerCompose" visibility="private" complexity="6" crap="42" count="0"/>
        <line num="141" type="stmt" count="0"/>
        <line num="142" type="stmt" count="0"/>
        <line num="143" type="stmt" count="0"/>
        <line num="144" type="stmt" count="0"/>
        <line num="145" type="stmt" count="0"/>
        <line num="146" type="stmt" count="0"/>
        <line num="147" type="stmt" count="0"/>
        <line num="150" type="stmt" count="0"/>
        <line num="151" type="stmt" count="0"/>
        <line num="152" type="stmt" count="0"/>
        <line num="155" type="stmt" count="0"/>
        <line num="156" type="stmt" count="0"/>
        <line num="159" type="stmt" count="0"/>
        <line num="160" type="stmt" count="0"/>
        <line num="161" type="stmt" count="0"/>
        <line num="162" type="stmt" count="0"/>
        <line num="163" type="stmt" count="0"/>
        <line num="168" type="stmt" count="0"/>
        <line num="169" type="stmt" count="0"/>
        <line num="170" type="stmt" count="0"/>
        <line num="174" type="stmt" count="0"/>
        <line num="177" type="method" name="mergeComposeConfigs" visibility="private" complexity="6" crap="42" count="0"/>
        <line num="179" type="stmt" count="0"/>
        <line num="180" type="stmt" count="0"/>
        <line num="181" type="stmt" count="0"/>
        <line num="182" type="stmt" count="0"/>
        <line num="183" type="stmt" count="0"/>
        <line num="185" type="stmt" count="0"/>
        <line num="189" type="stmt" count="0"/>
        <line num="192" type="stmt" count="0"/>
        <line num="195" type="method" name="parseEnvFiles" visibility="private" complexity="7" crap="56" count="0"/>
        <line num="197" type="stmt" count="0"/>
        <line num="198" type="stmt" count="0"/>
        <line num="200" type="stmt" count="0"/>
        <line num="201" type="stmt" count="0"/>
        <line num="202" type="stmt" count="0"/>
        <line num="203" type="stmt" count="0"/>
        <line num="204" type="stmt" count="0"/>
        <line num="205" type="stmt" count="0"/>
        <line num="206" type="stmt" count="0"/>
        <line num="207" type="stmt" count="0"/>
        <line num="213" type="stmt" count="0"/>
        <line num="216" type="method" name="generateArchitectureDiagram" visibility="private" complexity="7" crap="56" count="0"/>
        <line num="218" type="stmt" count="0"/>
        <line num="219" type="stmt" count="0"/>
        <line num="220" type="stmt" count="0"/>
        <line num="221" type="stmt" count="0"/>
        <line num="222" type="stmt" count="0"/>
        <line num="224" type="stmt" count="0"/>
        <line num="225" type="stmt" count="0"/>
        <line num="228" type="stmt" count="0"/>
        <line num="230" type="stmt" count="0"/>
        <line num="232" type="stmt" count="0"/>
        <line num="233" type="stmt" count="0"/>
        <line num="235" type="stmt" count="0"/>
        <line num="236" type="stmt" count="0"/>
        <line num="237" type="stmt" count="0"/>
        <line num="239" type="stmt" count="0"/>
        <line num="240" type="stmt" count="0"/>
        <line num="241" type="stmt" count="0"/>
        <line num="243" type="stmt" count="0"/>
        <line num="244" type="stmt" count="0"/>
        <line num="245" type="stmt" count="0"/>
        <line num="248" type="stmt" count="0"/>
        <line num="251" type="stmt" count="0"/>
        <line num="252" type="stmt" count="0"/>
        <line num="256" type="stmt" count="0"/>
        <line num="259" type="stmt" count="0"/>
        <line num="260" type="stmt" count="0"/>
        <line num="264" type="stmt" count="0"/>
        <line num="265" type="stmt" count="0"/>
        <line num="266" type="stmt" count="0"/>
        <line num="267" type="stmt" count="0"/>
        <line num="268" type="stmt" count="0"/>
        <line num="269" type="stmt" count="0"/>
        <line num="271" type="stmt" count="0"/>
        <line num="274" type="method" name="generateNetworkDiagram" visibility="private" complexity="4" crap="20" count="0"/>
        <line num="276" type="stmt" count="0"/>
        <line num="277" type="stmt" count="0"/>
        <line num="278" type="stmt" count="0"/>
        <line num="279" type="stmt" count="0"/>
        <line num="280" type="stmt" count="0"/>
        <line num="283" type="stmt" count="0"/>
        <line num="284" type="stmt" count="0"/>
        <line num="286" type="stmt" count="0"/>
        <line num="287" type="stmt" count="0"/>
        <line num="290" type="stmt" count="0"/>
        <line num="291" type="stmt" count="0"/>
        <line num="292" type="stmt" count="0"/>
        <line num="294" type="stmt" count="0"/>
        <line num="295" type="stmt" count="0"/>
        <line num="297" type="stmt" count="0"/>
        <line num="300" type="stmt" count="0"/>
        <line num="301" type="stmt" count="0"/>
        <line num="302" type="stmt" count="0"/>
        <line num="303" type="stmt" count="0"/>
        <line num="304" type="stmt" count="0"/>
        <line num="310" type="stmt" count="0"/>
        <line num="312" type="stmt" count="0"/>
        <line num="315" type="method" name="generateStackDiagram" visibility="private" complexity="6" crap="42" count="0"/>
        <line num="317" type="stmt" count="0"/>
        <line num="318" type="stmt" count="0"/>
        <line num="319" type="stmt" count="0"/>
        <line num="320" type="stmt" count="0"/>
        <line num="321" type="stmt" count="0"/>
        <line num="324" type="stmt" count="0"/>
        <line num="325" type="stmt" count="0"/>
        <line num="326" type="stmt" count="0"/>
        <line num="327" type="stmt" count="0"/>
        <line num="328" type="stmt" count="0"/>
        <line num="329" type="stmt" count="0"/>
        <line num="330" type="stmt" count="0"/>
        <line num="331" type="stmt" count="0"/>
        <line num="333" type="stmt" count="0"/>
        <line num="334" type="stmt" count="0"/>
        <line num="335" type="stmt" count="0"/>
        <line num="337" type="stmt" count="0"/>
        <line num="338" type="stmt" count="0"/>
        <line num="339" type="stmt" count="0"/>
        <line num="343" type="stmt" count="0"/>
        <line num="344" type="stmt" count="0"/>
        <line num="345" type="stmt" count="0"/>
        <line num="347" type="stmt" count="0"/>
        <line num="348" type="stmt" count="0"/>
        <line num="349" type="stmt" count="0"/>
        <line num="350" type="stmt" count="0"/>
        <line num="353" type="stmt" count="0"/>
        <line num="354" type="stmt" count="0"/>
        <line num="358" type="stmt" count="0"/>
        <line num="361" type="method" name="groupServicesByType" visibility="private" complexity="7" crap="56" count="0"/>
        <line num="363" type="stmt" count="0"/>
        <line num="364" type="stmt" count="0"/>
        <line num="365" type="stmt" count="0"/>
        <line num="366" type="stmt" count="0"/>
        <line num="367" type="stmt" count="0"/>
        <line num="368" type="stmt" count="0"/>
        <line num="369" type="stmt" count="0"/>
        <line num="370" type="stmt" count="0"/>
        <line num="372" type="stmt" count="0"/>
        <line num="373" type="stmt" count="0"/>
        <line num="375" type="stmt" count="0"/>
        <line num="376" type="stmt" count="0"/>
        <line num="377" type="stmt" count="0"/>
        <line num="378" type="stmt" count="0"/>
        <line num="379" type="stmt" count="0"/>
        <line num="380" type="stmt" count="0"/>
        <line num="381" type="stmt" count="0"/>
        <line num="382" type="stmt" count="0"/>
        <line num="383" type="stmt" count="0"/>
        <line num="384" type="stmt" count="0"/>
        <line num="386" type="stmt" count="0"/>
        <line num="391" type="stmt" count="0"/>
        <line num="394" type="method" name="getServiceIcon" visibility="private" complexity="4" crap="20" count="0"/>
        <line num="396" type="stmt" count="0"/>
        <line num="397" type="stmt" count="0"/>
        <line num="400" type="stmt" count="0"/>
        <line num="401" type="stmt" count="0"/>
        <line num="402" type="stmt" count="0"/>
        <line num="406" type="stmt" count="0"/>
        <line num="409" type="method" name="formatPorts" visibility="private" complexity="4" crap="20" count="0"/>
        <line num="411" type="stmt" count="0"/>
        <line num="412" type="stmt" count="0"/>
        <line num="413" type="stmt" count="0"/>
        <line num="414" type="stmt" count="0"/>
        <line num="415" type="stmt" count="0"/>
        <line num="417" type="stmt" count="0"/>
        <line num="420" type="stmt" count="0"/>
        <line num="423" type="method" name="extractExposedPorts" visibility="private" complexity="4" crap="20" count="0"/>
        <line num="425" type="stmt" count="0"/>
        <line num="426" type="stmt" count="0"/>
        <line num="427" type="stmt" count="0"/>
        <line num="428" type="stmt" count="0"/>
        <line num="429" type="stmt" count="0"/>
        <line num="432" type="stmt" count="0"/>
        <line num="435" type="method" name="addServiceDependencies" visibility="private" complexity="8" crap="72" count="0"/>
        <line num="437" type="stmt" count="0"/>
        <line num="438" type="stmt" count="0"/>
        <line num="439" type="stmt" count="0"/>
        <line num="441" type="stmt" count="0"/>
        <line num="442" type="stmt" count="0"/>
        <line num="443" type="stmt" count="0"/>
        <line num="444" type="stmt" count="0"/>
        <line num="451" type="method" name="addVolumeConnections" visibility="private" complexity="8" crap="72" count="0"/>
        <line num="453" type="stmt" count="0"/>
        <line num="454" type="stmt" count="0"/>
        <line num="456" type="stmt" count="0"/>
        <line num="457" type="stmt" count="0"/>
        <line num="458" type="stmt" count="0"/>
        <line num="461" type="stmt" count="0"/>
        <line num="462" type="stmt" count="0"/>
        <line num="463" type="stmt" count="0"/>
        <line num="464" type="stmt" count="0"/>
        <line num="465" type="stmt" count="0"/>
        <line num="474" type="method" name="isServiceInLayer" visibility="private" complexity="4" crap="20" count="0"/>
        <line num="476" type="stmt" count="0"/>
        <line num="477" type="stmt" count="0"/>
        <line num="479" type="stmt" count="0"/>
        <line num="480" type="stmt" count="0"/>
        <line num="481" type="stmt" count="0"/>
        <line num="485" type="stmt" count="0"/>
        <line num="488" type="method" name="formatServicesTable" visibility="private" complexity="4" crap="20" count="0"/>
        <line num="490" type="stmt" count="0"/>
        <line num="492" type="stmt" count="0"/>
        <line num="493" type="stmt" count="0"/>
        <line num="494" type="stmt" count="0"/>
        <line num="495" type="stmt" count="0"/>
        <line num="497" type="stmt" count="0"/>
        <line num="500" type="stmt" count="0"/>
        <line num="503" type="method" name="generateEnvironmentMarkdown" visibility="private" complexity="13" crap="182" count="0"/>
        <line num="505" type="stmt" count="0"/>
        <line num="507" type="stmt" count="0"/>
        <line num="508" type="stmt" count="0"/>
        <line num="509" type="stmt" count="0"/>
        <line num="510" type="stmt" count="0"/>
        <line num="511" type="stmt" count="0"/>
        <line num="514" type="stmt" count="0"/>
        <line num="515" type="stmt" count="0"/>
        <line num="516" type="stmt" count="0"/>
        <line num="518" type="stmt" count="0"/>
        <line num="519" type="stmt" count="0"/>
        <line num="520" type="stmt" count="0"/>
        <line num="521" type="stmt" count="0"/>
        <line num="522" type="stmt" count="0"/>
        <line num="523" type="stmt" count="0"/>
        <line num="526" type="stmt" count="0"/>
        <line num="527" type="stmt" count="0"/>
        <line num="528" type="stmt" count="0"/>
        <line num="529" type="stmt" count="0"/>
        <line num="530" type="stmt" count="0"/>
        <line num="531" type="stmt" count="0"/>
        <line num="532" type="stmt" count="0"/>
        <line num="534" type="stmt" count="0"/>
        <line num="535" type="stmt" count="0"/>
        <line num="536" type="stmt" count="0"/>
        <line num="539" type="stmt" count="0"/>
        <line num="540" type="stmt" count="0"/>
        <line num="543" type="stmt" count="0"/>
        <line num="544" type="stmt" count="0"/>
        <line num="547" type="stmt" count="0"/>
        <line num="551" type="stmt" count="0"/>
        <line num="552" type="stmt" count="0"/>
        <line num="553" type="stmt" count="0"/>
        <line num="554" type="stmt" count="0"/>
        <line num="555" type="stmt" count="0"/>
        <line num="558" type="stmt" count="0"/>
        <line num="559" type="stmt" count="0"/>
        <line num="560" type="stmt" count="0"/>
        <line num="561" type="stmt" count="0"/>
        <line num="562" type="stmt" count="0"/>
        <line num="563" type="stmt" count="0"/>
        <line num="567" type="stmt" count="0"/>
        <line num="568" type="stmt" count="0"/>
        <line num="569" type="stmt" count="0"/>
        <line num="570" type="stmt" count="0"/>
        <line num="571" type="stmt" count="0"/>
        <line num="572" type="stmt" count="0"/>
        <line num="573" type="stmt" count="0"/>
        <line num="577" type="stmt" count="0"/>
        <metrics loc="580" ncloc="556" classes="1" methods="18" coveredmethods="0" conditionals="0" coveredconditionals="0" statements="299" coveredstatements="0" elements="317" coveredelements="0"/>
      </file>
      <file name="/var/www/html/src/Command/GenerateDiagramCommand.php">
        <class name="App\Command\GenerateDiagramCommand" namespace="App\Command">
          <metrics complexity="29" methods="7" coveredmethods="0" conditionals="0" coveredconditionals="0" statements="185" coveredstatements="0" elements="192" coveredelements="0"/>
        </class>
        <line num="28" type="stmt" count="0"/>
        <line num="29" type="stmt" count="0"/>
        <line num="30" type="stmt" count="0"/>
        <line num="69" type="method" name="__construct" visibility="public" complexity="1" crap="2" count="0"/>
        <line num="71" type="stmt" count="0"/>
        <line num="72" type="stmt" count="0"/>
        <line num="75" type="method" name="configure" visibility="protected" complexity="1" crap="2" count="0"/>
        <line num="77" type="stmt" count="0"/>
        <line num="78" type="stmt" count="0"/>
        <line num="79" type="stmt" count="0"/>
        <line num="80" type="stmt" count="0"/>
        <line num="81" type="stmt" count="0"/>
        <line num="82" type="stmt" count="0"/>
        <line num="83" type="stmt" count="0"/>
        <line num="84" type="stmt" count="0"/>
        <line num="85" type="stmt" count="0"/>
        <line num="88" type="method" name="execute" visibility="protected" complexity="2" crap="6" count="0"/>
        <line num="90" type="stmt" count="0"/>
        <line num="91" type="stmt" count="0"/>
        <line num="92" type="stmt" count="0"/>
        <line num="93" type="stmt" count="0"/>
        <line num="94" type="stmt" count="0"/>
        <line num="95" type="stmt" count="0"/>
        <line num="96" type="stmt" count="0"/>
        <line num="97" type="stmt" count="0"/>
        <line num="99" type="stmt" count="0"/>
        <line num="100" type="stmt" count="0"/>
        <line num="101" type="stmt" count="0"/>
        <line num="104" type="stmt" count="0"/>
        <line num="105" type="stmt" count="0"/>
        <line num="107" type="stmt" count="0"/>
        <line num="109" type="stmt" count="0"/>
        <line num="111" type="stmt" count="0"/>
        <line num="112" type="stmt" count="0"/>
        <line num="114" type="stmt" count="0"/>
        <line num="115" type="stmt" count="0"/>
        <line num="116" type="stmt" count="0"/>
        <line num="117" type="stmt" count="0"/>
        <line num="121" type="method" name="scanProjectStructure" visibility="private" complexity="8" crap="72" count="0"/>
        <line num="123" type="stmt" count="0"/>
        <line num="124" type="stmt" count="0"/>
        <line num="125" type="stmt" count="0"/>
        <line num="126" type="stmt" count="0"/>
        <line num="127" type="stmt" count="0"/>
        <line num="128" type="stmt" count="0"/>
        <line num="129" type="stmt" count="0"/>
        <line num="130" type="stmt" count="0"/>
        <line num="131" type="stmt" count="0"/>
        <line num="133" type="stmt" count="0"/>
        <line num="134" type="stmt" count="0"/>
        <line num="135" type="stmt" count="0"/>
        <line num="136" type="stmt" count="0"/>
        <line num="139" type="stmt" count="0"/>
        <line num="140" type="stmt" count="0"/>
        <line num="144" type="stmt" count="0"/>
        <line num="145" type="stmt" count="0"/>
        <line num="147" type="stmt" count="0"/>
        <line num="148" type="stmt" count="0"/>
        <line num="149" type="stmt" count="0"/>
        <line num="150" type="stmt" count="0"/>
        <line num="151" type="stmt" count="0"/>
        <line num="152" type="stmt" count="0"/>
        <line num="153" type="stmt" count="0"/>
        <line num="154" type="stmt" count="0"/>
        <line num="155" type="stmt" count="0"/>
        <line num="159" type="stmt" count="0"/>
        <line num="160" type="stmt" count="0"/>
        <line num="161" type="stmt" count="0"/>
        <line num="163" type="stmt" count="0"/>
        <line num="164" type="stmt" count="0"/>
        <line num="165" type="stmt" count="0"/>
        <line num="168" type="stmt" count="0"/>
        <line num="169" type="stmt" count="0"/>
        <line num="170" type="stmt" count="0"/>
        <line num="172" type="stmt" count="0"/>
        <line num="173" type="stmt" count="0"/>
        <line num="174" type="stmt" count="0"/>
        <line num="175" type="stmt" count="0"/>
        <line num="176" type="stmt" count="0"/>
        <line num="177" type="stmt" count="0"/>
        <line num="178" type="stmt" count="0"/>
        <line num="179" type="stmt" count="0"/>
        <line num="181" type="stmt" count="0"/>
        <line num="182" type="stmt" count="0"/>
        <line num="186" type="stmt" count="0"/>
        <line num="189" type="method" name="generateMermaidDiagram" visibility="private" complexity="10" crap="110" count="0"/>
        <line num="191" type="stmt" count="0"/>
        <line num="195" type="stmt" count="0"/>
        <line num="196" type="stmt" count="0"/>
        <line num="197" type="stmt" count="0"/>
        <line num="198" type="stmt" count="0"/>
        <line num="200" type="stmt" count="0"/>
        <line num="201" type="stmt" count="0"/>
        <line num="204" type="stmt" count="0"/>
        <line num="207" type="stmt" count="0"/>
        <line num="208" type="stmt" count="0"/>
        <line num="211" type="stmt" count="0"/>
        <line num="212" type="stmt" count="0"/>
        <line num="213" type="stmt" count="0"/>
        <line num="216" type="stmt" count="0"/>
        <line num="217" type="stmt" count="0"/>
        <line num="218" type="stmt" count="0"/>
        <line num="220" type="stmt" count="0"/>
        <line num="221" type="stmt" count="0"/>
        <line num="223" type="stmt" count="0"/>
        <line num="226" type="stmt" count="0"/>
        <line num="227" type="stmt" count="0"/>
        <line num="228" type="stmt" count="0"/>
        <line num="233" type="stmt" count="0"/>
        <line num="234" type="stmt" count="0"/>
        <line num="235" type="stmt" count="0"/>
        <line num="237" type="stmt" count="0"/>
        <line num="238" type="stmt" count="0"/>
        <line num="241" type="stmt" count="0"/>
        <line num="242" type="stmt" count="0"/>
        <line num="243" type="stmt" count="0"/>
        <line num="244" type="stmt" count="0"/>
        <line num="249" type="stmt" count="0"/>
        <line num="250" type="stmt" count="0"/>
        <line num="251" type="stmt" count="0"/>
        <line num="252" type="stmt" count="0"/>
        <line num="253" type="stmt" count="0"/>
        <line num="256" type="stmt" count="0"/>
        <line num="258" type="stmt" count="0"/>
        <line num="259" type="stmt" count="0"/>
        <line num="260" type="stmt" count="0"/>
        <line num="261" type="stmt" count="0"/>
        <line num="265" type="stmt" count="0"/>
        <line num="268" type="method" name="generateMarkdownDocument" visibility="private" complexity="6" crap="42" count="0"/>
        <line num="270" type="stmt" count="0"/>
        <line num="272" type="stmt" count="0"/>
        <line num="273" type="stmt" count="0"/>
        <line num="274" type="stmt" count="0"/>
        <line num="275" type="stmt" count="0"/>
        <line num="278" type="stmt" count="0"/>
        <line num="279" type="stmt" count="0"/>
        <line num="280" type="stmt" count="0"/>
        <line num="281" type="stmt" count="0"/>
        <line num="283" type="stmt" count="0"/>
        <line num="284" type="stmt" count="0"/>
        <line num="285" type="stmt" count="0"/>
        <line num="286" type="stmt" count="0"/>
        <line num="287" type="stmt" count="0"/>
        <line num="288" type="stmt" count="0"/>
        <line num="289" type="stmt" count="0"/>
        <line num="293" type="stmt" count="0"/>
        <line num="294" type="stmt" count="0"/>
        <line num="295" type="stmt" count="0"/>
        <line num="296" type="stmt" count="0"/>
        <line num="297" type="stmt" count="0"/>
        <line num="298" type="stmt" count="0"/>
        <line num="301" type="stmt" count="0"/>
        <line num="302" type="stmt" count="0"/>
        <line num="303" type="stmt" count="0"/>
        <line num="305" type="stmt" count="0"/>
        <line num="306" type="stmt" count="0"/>
        <line num="307" type="stmt" count="0"/>
        <line num="308" type="stmt" count="0"/>
        <line num="309" type="stmt" count="0"/>
        <line num="310" type="stmt" count="0"/>
        <line num="311" type="stmt" count="0"/>
        <line num="312" type="stmt" count="0"/>
        <line num="313" type="stmt" count="0"/>
        <line num="314" type="stmt" count="0"/>
        <line num="315" type="stmt" count="0"/>
        <line num="316" type="stmt" count="0"/>
        <line num="318" type="stmt" count="0"/>
        <line num="319" type="stmt" count="0"/>
        <line num="320" type="stmt" count="0"/>
        <line num="321" type="stmt" count="0"/>
        <line num="325" type="stmt" count="0"/>
        <line num="328" type="method" name="getDirectoryIcon" visibility="private" complexity="1" crap="2" count="0"/>
        <line num="330" type="stmt" count="0"/>
        <line num="331" type="stmt" count="0"/>
        <line num="332" type="stmt" count="0"/>
        <line num="333" type="stmt" count="0"/>
        <line num="334" type="stmt" count="0"/>
        <line num="335" type="stmt" count="0"/>
        <line num="336" type="stmt" count="0"/>
        <line num="337" type="stmt" count="0"/>
        <line num="338" type="stmt" count="0"/>
        <line num="339" type="stmt" count="0"/>
        <line num="340" type="stmt" count="0"/>
        <line num="341" type="stmt" count="0"/>
        <line num="342" type="stmt" count="0"/>
        <line num="343" type="stmt" count="0"/>
        <line num="344" type="stmt" count="0"/>
        <line num="345" type="stmt" count="0"/>
        <line num="346" type="stmt" count="0"/>
        <line num="347" type="stmt" count="0"/>
        <line num="348" type="stmt" count="0"/>
        <line num="349" type="stmt" count="0"/>
        <line num="350" type="stmt" count="0"/>
        <line num="351" type="stmt" count="0"/>
        <line num="353" type="stmt" count="0"/>
        <metrics loc="356" ncloc="327" classes="1" methods="7" coveredmethods="0" conditionals="0" coveredconditionals="0" statements="188" coveredstatements="0" elements="195" coveredelements="0"/>
      </file>
      <file name="/var/www/html/src/Command/GenerateMermaidCommand.php">
        <class name="App\Command\GenerateMermaidCommand" namespace="App\Command">
          <metrics complexity="16" methods="3" coveredmethods="0" conditionals="0" coveredconditionals="0" statements="54" coveredstatements="0" elements="57" coveredelements="0"/>
        </class>
        <line num="15" type="stmt" count="0"/>
        <line num="16" type="stmt" count="0"/>
        <line num="17" type="stmt" count="0"/>
        <line num="20" type="method" name="configure" visibility="protected" complexity="1" crap="2" count="0"/>
        <line num="22" type="stmt" count="0"/>
        <line num="23" type="stmt" count="0"/>
        <line num="26" type="method" name="execute" visibility="protected" complexity="3" crap="12" count="0"/>
        <line num="28" type="stmt" count="0"/>
        <line num="29" type="stmt" count="0"/>
        <line num="31" type="stmt" count="0"/>
        <line num="32" type="stmt" count="0"/>
        <line num="33" type="stmt" count="0"/>
        <line num="37" type="stmt" count="0"/>
        <line num="38" type="stmt" count="0"/>
        <line num="39" type="stmt" count="0"/>
        <line num="40" type="stmt" count="0"/>
        <line num="43" type="stmt" count="0"/>
        <line num="45" type="stmt" count="0"/>
        <line num="46" type="stmt" count="0"/>
        <line num="48" type="stmt" count="0"/>
        <line num="51" type="method" name="generateMermaidSyntax" visibility="private" complexity="12" crap="156" count="0"/>
        <line num="53" type="stmt" count="0"/>
        <line num="54" type="stmt" count="0"/>
        <line num="55" type="stmt" count="0"/>
        <line num="56" type="stmt" count="0"/>
        <line num="58" type="stmt" count="0"/>
        <line num="59" type="stmt" count="0"/>
        <line num="60" type="stmt" count="0"/>
        <line num="61" type="stmt" count="0"/>
        <line num="62" type="stmt" count="0"/>
        <line num="63" type="stmt" count="0"/>
        <line num="66" type="stmt" count="0"/>
        <line num="67" type="stmt" count="0"/>
        <line num="68" type="stmt" count="0"/>
        <line num="69" type="stmt" count="0"/>
        <line num="71" type="stmt" count="0"/>
        <line num="72" type="stmt" count="0"/>
        <line num="75" type="stmt" count="0"/>
        <line num="76" type="stmt" count="0"/>
        <line num="77" type="stmt" count="0"/>
        <line num="78" type="stmt" count="0"/>
        <line num="80" type="stmt" count="0"/>
        <line num="81" type="stmt" count="0"/>
        <line num="84" type="stmt" count="0"/>
        <line num="85" type="stmt" count="0"/>
        <line num="89" type="stmt" count="0"/>
        <line num="91" type="stmt" count="0"/>
        <line num="92" type="stmt" count="0"/>
        <line num="93" type="stmt" count="0"/>
        <line num="94" type="stmt" count="0"/>
        <line num="99" type="stmt" count="0"/>
        <line num="100" type="stmt" count="0"/>
        <line num="101" type="stmt" count="0"/>
        <line num="106" type="stmt" count="0"/>
        <line num="107" type="stmt" count="0"/>
        <line num="108" type="stmt" count="0"/>
        <line num="109" type="stmt" count="0"/>
        <line num="110" type="stmt" count="0"/>
        <line num="111" type="stmt" count="0"/>
        <line num="117" type="stmt" count="0"/>
        <metrics loc="120" ncloc="113" classes="1" methods="3" coveredmethods="0" conditionals="0" coveredconditionals="0" statements="57" coveredstatements="0" elements="60" coveredelements="0"/>
      </file>
      <file name="/var/www/html/src/Command/GenerateReadmeCommand.php">
        <class name="App\Command\GenerateReadmeCommand" namespace="App\Command">
          <metrics complexity="19" methods="3" coveredmethods="0" conditionals="0" coveredconditionals="0" statements="64" coveredstatements="0" elements="67" coveredelements="0"/>
        </class>
        <line num="15" type="stmt" count="0"/>
        <line num="16" type="stmt" count="0"/>
        <line num="17" type="stmt" count="0"/>
        <line num="20" type="method" name="configure" visibility="protected" complexity="1" crap="2" count="0"/>
        <line num="22" type="stmt" count="0"/>
        <line num="23" type="stmt" count="0"/>
        <line num="24" type="stmt" count="0"/>
        <line num="25" type="stmt" count="0"/>
        <line num="28" type="method" name="execute" visibility="protected" complexity="4" crap="20" count="0"/>
        <line num="30" type="stmt" count="0"/>
        <line num="32" type="stmt" count="0"/>
        <line num="33" type="stmt" count="0"/>
        <line num="34" type="stmt" count="0"/>
        <line num="37" type="stmt" count="0"/>
        <line num="38" type="stmt" count="0"/>
        <line num="39" type="stmt" count="0"/>
        <line num="41" type="stmt" count="0"/>
        <line num="42" type="stmt" count="0"/>
        <line num="43" type="stmt" count="0"/>
        <line num="48" type="stmt" count="0"/>
        <line num="49" type="stmt" count="0"/>
        <line num="50" type="stmt" count="0"/>
        <line num="51" type="stmt" count="0"/>
        <line num="52" type="stmt" count="0"/>
        <line num="56" type="stmt" count="0"/>
        <line num="59" type="stmt" count="0"/>
        <line num="60" type="stmt" count="0"/>
        <line num="63" type="stmt" count="0"/>
        <line num="65" type="stmt" count="0"/>
        <line num="67" type="stmt" count="0"/>
        <line num="70" type="method" name="generateMermaidSyntax" visibility="private" complexity="14" crap="210" count="0"/>
        <line num="72" type="stmt" count="0"/>
        <line num="73" type="stmt" count="0"/>
        <line num="74" type="stmt" count="0"/>
        <line num="75" type="stmt" count="0"/>
        <line num="77" type="stmt" count="0"/>
        <line num="78" type="stmt" count="0"/>
        <line num="79" type="stmt" count="0"/>
        <line num="80" type="stmt" count="0"/>
        <line num="81" type="stmt" count="0"/>
        <line num="82" type="stmt" count="0"/>
        <line num="83" type="stmt" count="0"/>
        <line num="84" type="stmt" count="0"/>
        <line num="85" type="stmt" count="0"/>
        <line num="86" type="stmt" count="0"/>
        <line num="88" type="stmt" count="0"/>
        <line num="89" type="stmt" count="0"/>
        <line num="90" type="stmt" count="0"/>
        <line num="91" type="stmt" count="0"/>
        <line num="92" type="stmt" count="0"/>
        <line num="93" type="stmt" count="0"/>
        <line num="95" type="stmt" count="0"/>
        <line num="96" type="stmt" count="0"/>
        <line num="98" type="stmt" count="0"/>
        <line num="99" type="stmt" count="0"/>
        <line num="101" type="stmt" count="0"/>
        <line num="102" type="stmt" count="0"/>
        <line num="103" type="stmt" count="0"/>
        <line num="104" type="stmt" count="0"/>
        <line num="105" type="stmt" count="0"/>
        <line num="108" type="stmt" count="0"/>
        <line num="109" type="stmt" count="0"/>
        <line num="110" type="stmt" count="0"/>
        <line num="113" type="stmt" count="0"/>
        <line num="114" type="stmt" count="0"/>
        <line num="115" type="stmt" count="0"/>
        <line num="116" type="stmt" count="0"/>
        <line num="117" type="stmt" count="0"/>
        <line num="118" type="stmt" count="0"/>
        <line num="124" type="stmt" count="0"/>
        <metrics loc="127" ncloc="122" classes="1" methods="3" coveredmethods="0" conditionals="0" coveredconditionals="0" statements="67" coveredstatements="0" elements="70" coveredelements="0"/>
      </file>
    </package>
    <package name="App\DataFixtures">
      <file name="/var/www/html/src/DataFixtures/AppFixtures.php">
        <class name="App\DataFixtures\AppFixtures" namespace="App\DataFixtures">
          <metrics complexity="1" methods="1" coveredmethods="0" conditionals="0" coveredconditionals="0" statements="1" coveredstatements="0" elements="2" coveredelements="0"/>
        </class>
        <line num="10" type="method" name="load" visibility="public" complexity="1" crap="2" count="0"/>
        <line num="15" type="stmt" count="0"/>
        <metrics loc="18" ncloc="16" classes="1" methods="1" coveredmethods="0" conditionals="0" coveredconditionals="0" statements="1" coveredstatements="0" elements="2" coveredelements="0"/>
      </file>
      <file name="/var/www/html/src/DataFixtures/Bug.php">
        <class name="App\DataFixtures\Bug" namespace="App\DataFixtures">
          <metrics complexity="1" methods="1" coveredmethods="0" conditionals="0" coveredconditionals="0" statements="1" coveredstatements="0" elements="2" coveredelements="0"/>
        </class>
        <line num="10" type="method" name="load" visibility="public" complexity="1" crap="2" count="0"/>
        <line num="15" type="stmt" count="0"/>
        <metrics loc="18" ncloc="16" classes="1" methods="1" coveredmethods="0" conditionals="0" coveredconditionals="0" statements="1" coveredstatements="0" elements="2" coveredelements="0"/>
      </file>
    </package>
    <package name="App\Domain\Entity">
      <file name="/var/www/html/src/Domain/Entity/Bug.php">
        <class name="App\Domain\Entity\Bug" namespace="App\Domain\Entity">
          <metrics complexity="7" methods="7" coveredmethods="0" conditionals="0" coveredconditionals="0" statements="10" coveredstatements="0" elements="17" coveredelements="0"/>
        </class>
        <line num="15" type="method" name="getId" visibility="public" complexity="1" crap="2" count="0"/>
        <line num="17" type="stmt" count="0"/>
        <line num="20" type="method" name="getTitle" visibility="public" complexity="1" crap="2" count="0"/>
        <line num="22" type="stmt" count="0"/>
        <line num="25" type="method" name="setTitle" visibility="public" complexity="1" crap="2" count="0"/>
        <line num="27" type="stmt" count="0"/>
        <line num="29" type="stmt" count="0"/>
        <line num="32" type="method" name="getDescription" visibility="public" complexity="1" crap="2" count="0"/>
        <line num="34" type="stmt" count="0"/>
        <line num="37" type="method" name="setDescription" visibility="public" complexity="1" crap="2" count="0"/>
        <line num="39" type="stmt" count="0"/>
        <line num="41" type="stmt" count="0"/>
        <line num="44" type="method" name="getImage" visibility="public" complexity="1" crap="2" count="0"/>
        <line num="46" type="stmt" count="0"/>
        <line num="49" type="method" name="setImage" visibility="public" complexity="1" crap="2" count="0"/>
        <line num="51" type="stmt" count="0"/>
        <line num="53" type="stmt" count="0"/>
        <metrics loc="56" ncloc="56" classes="1" methods="7" coveredmethods="0" conditionals="0" coveredconditionals="0" statements="10" coveredstatements="0" elements="17" coveredelements="0"/>
      </file>
      <file name="/var/www/html/src/Domain/Entity/StackTrace.php">
        <class name="App\Domain\Entity\StackTrace" namespace="App\Domain\Entity">
          <metrics complexity="50" methods="49" coveredmethods="0" conditionals="0" coveredconditionals="0" statements="50" coveredstatements="0" elements="99" coveredelements="0"/>
        </class>
        <line num="32" type="method" name="getId" visibility="public" complexity="1" crap="2" count="0"/>
        <line num="33" type="method" name="getBug" visibility="public" complexity="1" crap="2" count="0"/>
        <line num="34" type="method" name="setBug" visibility="public" complexity="1" crap="2" count="0"/>
        <line num="36" type="method" name="getTimestamp" visibility="public" complexity="1" crap="2" count="0"/>
        <line num="37" type="method" name="setTimestamp" visibility="public" complexity="1" crap="2" count="0"/>
        <line num="39" type="method" name="getType" visibility="public" complexity="1" crap="2" count="0"/>
        <line num="40" type="method" name="setType" visibility="public" complexity="1" crap="2" count="0"/>
        <line num="42" type="method" name="getMessage" visibility="public" complexity="1" crap="2" count="0"/>
        <line num="43" type="method" name="setMessage" visibility="public" complexity="1" crap="2" count="0"/>
        <line num="45" type="method" name="getSequenceOrder" visibility="public" complexity="1" crap="2" count="0"/>
        <line num="46" type="method" name="setSequenceOrder" visibility="public" complexity="1" crap="2" count="0"/>
        <line num="48" type="method" name="getUrl" visibility="public" complexity="1" crap="2" count="0"/>
        <line num="49" type="method" name="setUrl" visibility="public" complexity="1" crap="2" count="0"/>
        <line num="51" type="method" name="getConsoleLevel" visibility="public" complexity="1" crap="2" count="0"/>
        <line num="52" type="method" name="setConsoleLevel" visibility="public" complexity="1" crap="2" count="0"/>
        <line num="54" type="method" name="getHttpMethod" visibility="public" complexity="1" crap="2" count="0"/>
        <line num="55" type="method" name="setHttpMethod" visibility="public" complexity="1" crap="2" count="0"/>
        <line num="57" type="method" name="getHttpStatus" visibility="public" complexity="1" crap="2" count="0"/>
        <line num="58" type="method" name="setHttpStatus" visibility="public" complexity="1" crap="2" count="0"/>
        <line num="60" type="method" name="getRequestHeaders" visibility="public" complexity="1" crap="2" count="0"/>
        <line num="61" type="method" name="setRequestHeaders" visibility="public" complexity="1" crap="2" count="0"/>
        <line num="63" type="method" name="getRequestPayload" visibility="public" complexity="1" crap="2" count="0"/>
        <line num="64" type="method" name="setRequestPayload" visibility="public" complexity="1" crap="2" count="0"/>
        <line num="66" type="method" name="getResponseBody" visibility="public" complexity="1" crap="2" count="0"/>
        <line num="67" type="method" name="setResponseBody" visibility="public" complexity="1" crap="2" count="0"/>
        <line num="69" type="method" name="getResponseHeaders" visibility="public" complexity="1" crap="2" count="0"/>
        <line num="70" type="method" name="setResponseHeaders" visibility="public" complexity="1" crap="2" count="0"/>
        <line num="72" type="method" name="getErrorName" visibility="public" complexity="1" crap="2" count="0"/>
        <line num="73" type="method" name="setErrorName" visibility="public" complexity="1" crap="2" count="0"/>
        <line num="75" type="method" name="getErrorStack" visibility="public" complexity="1" crap="2" count="0"/>
        <line num="76" type="method" name="setErrorStack" visibility="public" complexity="1" crap="2" count="0"/>
        <line num="78" type="method" name="getFileName" visibility="public" complexity="1" crap="2" count="0"/>
        <line num="79" type="method" name="setFileName" visibility="public" complexity="1" crap="2" count="0"/>
        <line num="81" type="method" name="getLineNumber" visibility="public" complexity="1" crap="2" count="0"/>
        <line num="82" type="method" name="setLineNumber" visibility="public" complexity="1" crap="2" count="0"/>
        <line num="84" type="method" name="getColumnNumber" visibility="public" complexity="1" crap="2" count="0"/>
        <line num="85" type="method" name="setColumnNumber" visibility="public" complexity="1" crap="2" count="0"/>
        <line num="87" type="method" name="getUserAgent" visibility="public" complexity="1" crap="2" count="0"/>
        <line num="88" type="method" name="setUserAgent" visibility="public" complexity="1" crap="2" count="0"/>
        <line num="90" type="method" name="getBrowserInfo" visibility="public" complexity="1" crap="2" count="0"/>
        <line num="91" type="method" name="setBrowserInfo" visibility="public" complexity="1" crap="2" count="0"/>
        <line num="93" type="method" name="getAdditionalData" visibility="public" complexity="1" crap="2" count="0"/>
        <line num="94" type="method" name="setAdditionalData" visibility="public" complexity="1" crap="2" count="0"/>
        <line num="96" type="method" name="getCreatedAt" visibility="public" complexity="1" crap="2" count="0"/>
        <line num="97" type="method" name="setCreatedAt" visibility="public" complexity="1" crap="2" count="0"/>
        <line num="99" type="method" name="getUpdatedAt" visibility="public" complexity="1" crap="2" count="0"/>
        <line num="100" type="method" name="setUpdatedAt" visibility="public" complexity="1" crap="2" count="0"/>
        <line num="103" type="method" name="setCreatedAtIfNotSet" visibility="public" complexity="2" crap="6" count="0"/>
        <line num="105" type="stmt" count="0"/>
        <line num="106" type="stmt" count="0"/>
        <line num="110" type="method" name="updateTimestamp" visibility="public" complexity="1" crap="2" count="0"/>
        <line num="112" type="stmt" count="0"/>
        <metrics loc="115" ncloc="114" classes="1" methods="49" coveredmethods="0" conditionals="0" coveredconditionals="0" statements="50" coveredstatements="0" elements="99" coveredelements="0"/>
      </file>
    </package>
    <file name="/var/www/html/src/Domain/Port/BugRepositoryInterface.php">
      <metrics loc="11" ncloc="11" classes="0" methods="0" coveredmethods="0" conditionals="0" coveredconditionals="0" statements="0" coveredstatements="0" elements="0" coveredelements="0"/>
    </file>
    <package name="App\Domain\Service">
      <file name="/var/www/html/src/Domain/Service/BugService.php">
        <class name="App\Domain\Service\BugService" namespace="App\Domain\Service">
          <metrics complexity="3" methods="2" coveredmethods="0" conditionals="0" coveredconditionals="0" statements="11" coveredstatements="0" elements="13" coveredelements="0"/>
        </class>
        <line num="12" type="method" name="__construct" visibility="public" complexity="1" crap="2" count="0"/>
        <line num="14" type="stmt" count="0"/>
        <line num="16" type="method" name="createBug" visibility="public" complexity="2" crap="6" count="0"/>
        <line num="18" type="stmt" count="0"/>
        <line num="20" type="stmt" count="0"/>
        <line num="22" type="stmt" count="0"/>
        <line num="24" type="stmt" count="0"/>
        <line num="26" type="stmt" count="0"/>
        <line num="28" type="stmt" count="0"/>
        <line num="29" type="stmt" count="0"/>
        <line num="30" type="stmt" count="0"/>
        <line num="32" type="stmt" count="0"/>
        <line num="34" type="stmt" count="0"/>
        <metrics loc="37" ncloc="37" classes="1" methods="2" coveredmethods="0" conditionals="0" coveredconditionals="0" statements="11" coveredstatements="0" elements="13" coveredelements="0"/>
      </file>
    </package>
    <package name="App\Infrastructure\Adapter\FileStorage">
      <file name="/var/www/html/src/Infrastructure/Adapter/FileStorage/FileStorageAdapter.php">
        <class name="App\Infrastructure\Adapter\FileStorage\FileStorageAdapter" namespace="App\Infrastructure\Adapter\FileStorage">
          <metrics complexity="3" methods="3" coveredmethods="0" conditionals="0" coveredconditionals="0" statements="3" coveredstatements="0" elements="6" coveredelements="0"/>
        </class>
        <line num="11" type="method" name="__construct" visibility="public" complexity="1" crap="2" count="0"/>
        <line num="13" type="stmt" count="0"/>
        <line num="15" type="method" name="upload" visibility="public" complexity="1" crap="2" count="0"/>
        <line num="17" type="stmt" count="0"/>
        <line num="20" type="method" name="download" visibility="public" complexity="1" crap="2" count="0"/>
        <line num="22" type="stmt" count="0"/>
        <metrics loc="25" ncloc="25" classes="1" methods="3" coveredmethods="0" conditionals="0" coveredconditionals="0" statements="3" coveredstatements="0" elements="6" coveredelements="0"/>
      </file>
    </package>
    <package name="App\Infrastructure\Adapter\Http\Controller\API\FeedBack">
      <file name="/var/www/html/src/Infrastructure/Adapter/Http/Controller/API/FeedBack/FeedBackController.php">
        <class name="App\Infrastructure\Adapter\Http\Controller\API\FeedBack\FeedBackController" namespace="App\Infrastructure\Adapter\Http\Controller\API\FeedBack">
          <metrics complexity="2" methods="2" coveredmethods="0" conditionals="0" coveredconditionals="0" statements="7" coveredstatements="0" elements="9" coveredelements="0"/>
        </class>
        <line num="12" type="method" name="__construct" visibility="public" complexity="1" crap="2" count="0"/>
        <line num="14" type="stmt" count="0"/>
        <line num="16" type="method" name="index" visibility="public" complexity="1" crap="2" count="0"/>
        <line num="19" type="stmt" count="0"/>
        <line num="21" type="stmt" count="0"/>
        <line num="22" type="stmt" count="0"/>
        <line num="23" type="stmt" count="0"/>
        <line num="24" type="stmt" count="0"/>
        <line num="26" type="stmt" count="0"/>
        <metrics loc="29" ncloc="29" classes="1" methods="2" coveredmethods="0" conditionals="0" coveredconditionals="0" statements="7" coveredstatements="0" elements="9" coveredelements="0"/>
      </file>
    </package>
    <package name="App\Infrastructure\Adapter\Http\Controller\API">
      <file name="/var/www/html/src/Infrastructure/Adapter/Http/Controller/API/FeedBackController.php">
        <class name="App\Infrastructure\Adapter\Http\Controller\API\FeedBackController" namespace="App\Infrastructure\Adapter\Http\Controller\API">
          <metrics complexity="5" methods="1" coveredmethods="0" conditionals="0" coveredconditionals="0" statements="12" coveredstatements="0" elements="13" coveredelements="0"/>
        </class>
        <line num="12" type="method" name="index" visibility="public" complexity="5" crap="30" count="0"/>
        <line num="15" type="stmt" count="0"/>
        <line num="16" type="stmt" count="0"/>
        <line num="17" type="stmt" count="0"/>
        <line num="19" type="stmt" count="0"/>
        <line num="20" type="stmt" count="0"/>
        <line num="24" type="stmt" count="0"/>
        <line num="25" type="stmt" count="0"/>
        <line num="26" type="stmt" count="0"/>
        <line num="29" type="stmt" count="0"/>
        <line num="30" type="stmt" count="0"/>
        <line num="31" type="stmt" count="0"/>
        <line num="32" type="stmt" count="0"/>
        <metrics loc="35" ncloc="35" classes="1" methods="1" coveredmethods="0" conditionals="0" coveredconditionals="0" statements="12" coveredstatements="0" elements="13" coveredelements="0"/>
      </file>
      <file name="/var/www/html/src/Infrastructure/Adapter/Http/Controller/API/HealthController.php">
        <class name="App\Infrastructure\Adapter\Http\Controller\API\HealthController" namespace="App\Infrastructure\Adapter\Http\Controller\API">
          <metrics complexity="1" methods="1" coveredmethods="1" conditionals="0" coveredconditionals="0" statements="1" coveredstatements="1" elements="2" coveredelements="2"/>
        </class>
        <line num="10" type="method" name="index" visibility="public" complexity="1" crap="1" count="1"/>
        <line num="13" type="stmt" count="1"/>
        <metrics loc="16" ncloc="16" classes="1" methods="1" coveredmethods="1" conditionals="0" coveredconditionals="0" statements="1" coveredstatements="1" elements="2" coveredelements="2"/>
      </file>
    </package>
    <package name="App">
      <file name="/var/www/html/src/Kernel.php">
        <class name="App\Kernel" namespace="App">
          <metrics complexity="0" methods="0" coveredmethods="0" conditionals="0" coveredconditionals="0" statements="0" coveredstatements="0" elements="0" coveredelements="0"/>
        </class>
        <metrics loc="12" ncloc="12" classes="0" methods="0" coveredmethods="0" conditionals="0" coveredconditionals="0" statements="0" coveredstatements="0" elements="0" coveredelements="0"/>
      </file>
    </package>
    <package name="App\Repository">
      <file name="/var/www/html/src/Repository/BugRepository.php">
        <class name="App\Repository\BugRepository" namespace="App\Repository">
          <metrics complexity="2" methods="2" coveredmethods="0" conditionals="0" coveredconditionals="0" statements="4" coveredstatements="0" elements="6" coveredelements="0"/>
        </class>
        <line num="15" type="method" name="__construct" visibility="public" complexity="1" crap="2" count="0"/>
        <line num="17" type="stmt" count="0"/>
        <line num="45" type="method" name="create" visibility="public" complexity="1" crap="2" count="0"/>
        <line num="47" type="stmt" count="0"/>
        <line num="48" type="stmt" count="0"/>
        <line num="50" type="stmt" count="0"/>
        <metrics loc="53" ncloc="27" classes="1" methods="2" coveredmethods="0" conditionals="0" coveredconditionals="0" statements="4" coveredstatements="0" elements="6" coveredelements="0"/>
      </file>
    </package>
    <metrics files="19" loc="1650" ncloc="1554" classes="16" methods="103" coveredmethods="1" conditionals="0" coveredconditionals="0" statements="715" coveredstatements="1" elements="818" coveredelements="2"/>
  </project>
</coverage>
